<?xml version="1.0" encoding="UTF-8"?>
<!-- Generated by org.testng.reporters.JUnitReportReporter -->
<testsuite skipped="0" hostname="DESKTOP-77NNFR8" name="test.TestNG_Demo" tests="2" failures="0" timestamp="2020-07-23T16:22:05 EDT" time="9.384" errors="0">
  <testcase name="googleSearchagain" time="3.834" classname="test.TestNG_Demo"/>
  <system-out/>
  <testcase name="googleSearch" time="5.550" classname="test.TestNG_Demo"/>
  <system-out/>
</testsuite> <!-- test.TestNG_Demo -->
